2024-01-04T16:33:27.395+09:00  INFO 13476 --- [restartedMain] .e.DevToolsPropertyDefaultsPostProcessor : Devtools property defaults active! Set 'spring.devtools.add-properties' to 'false' to disable
2024-01-04T16:33:27.396+09:00  INFO 13476 --- [restartedMain] .e.DevToolsPropertyDefaultsPostProcessor : For additional web related logging consider setting the 'logging.level.web' property to 'DEBUG'
2024-01-04T16:33:28.045+09:00  INFO 13476 --- [restartedMain] .s.d.r.c.RepositoryConfigurationDelegate : Bootstrapping Spring Data JPA repositories in DEFAULT mode.
2024-01-04T16:33:28.122+09:00  INFO 13476 --- [restartedMain] .s.d.r.c.RepositoryConfigurationDelegate : Finished Spring Data repository scanning in 70 ms. Found 13 JPA repository interfaces.
2024-01-04T16:33:28.729+09:00  INFO 13476 --- [restartedMain] o.s.b.w.embedded.tomcat.TomcatWebServer  : Tomcat initialized with port(s): 8080 (http)
2024-01-04T16:33:28.738+09:00  INFO 13476 --- [restartedMain] o.apache.catalina.core.StandardService   : Starting service [Tomcat]
2024-01-04T16:33:28.738+09:00  INFO 13476 --- [restartedMain] o.apache.catalina.core.StandardEngine    : Starting Servlet engine: [Apache Tomcat/10.1.17]
2024-01-04T16:33:28.787+09:00  INFO 13476 --- [restartedMain] o.a.c.c.C.[Tomcat].[localhost].[/]       : Initializing Spring embedded WebApplicationContext
2024-01-04T16:33:28.788+09:00  INFO 13476 --- [restartedMain] w.s.c.ServletWebServerApplicationContext : Root WebApplicationContext: initialization completed in 1390 ms
2024-01-04T16:33:28.816+09:00  INFO 13476 --- [restartedMain] com.zaxxer.hikari.HikariDataSource       : HikariPool-1 - Starting...
2024-01-04T16:33:28.970+09:00  INFO 13476 --- [restartedMain] com.zaxxer.hikari.pool.HikariPool        : HikariPool-1 - Added connection conn0: url=jdbc:h2:mem:test user=SA
2024-01-04T16:33:28.971+09:00  INFO 13476 --- [restartedMain] com.zaxxer.hikari.HikariDataSource       : HikariPool-1 - Start completed.
2024-01-04T16:33:28.980+09:00  INFO 13476 --- [restartedMain] o.s.b.a.h2.H2ConsoleAutoConfiguration    : H2 console available at '/h2-console'. Database available at 'jdbc:h2:mem:test'
2024-01-04T16:33:29.100+09:00  INFO 13476 --- [restartedMain] o.hibernate.jpa.internal.util.LogHelper  : HHH000204: Processing PersistenceUnitInfo [name: default]
2024-01-04T16:33:29.158+09:00  INFO 13476 --- [restartedMain] org.hibernate.Version                    : HHH000412: Hibernate ORM core version 6.2.17.Final
2024-01-04T16:33:29.160+09:00  INFO 13476 --- [restartedMain] org.hibernate.cfg.Environment            : HHH000406: Using bytecode reflection optimizer
2024-01-04T16:33:29.279+09:00 DEBUG 13476 --- [restartedMain] org.hibernate.type.BasicTypeRegistry     : Adding type registration boolean -> org.hibernate.type.BasicTypeReference@1793fbf
2024-01-04T16:33:29.280+09:00 DEBUG 13476 --- [restartedMain] org.hibernate.type.BasicTypeRegistry     : Adding type registration boolean -> org.hibernate.type.BasicTypeReference@1793fbf
2024-01-04T16:33:29.280+09:00 DEBUG 13476 --- [restartedMain] org.hibernate.type.BasicTypeRegistry     : Adding type registration java.lang.Boolean -> org.hibernate.type.BasicTypeReference@1793fbf
2024-01-04T16:33:29.280+09:00 DEBUG 13476 --- [restartedMain] org.hibernate.type.BasicTypeRegistry     : Adding type registration numeric_boolean -> org.hibernate.type.BasicTypeReference@41ef1aa2
2024-01-04T16:33:29.280+09:00 DEBUG 13476 --- [restartedMain] org.hibernate.type.BasicTypeRegistry     : Adding type registration org.hibernate.type.NumericBooleanConverter -> org.hibernate.type.BasicTypeReference@41ef1aa2
2024-01-04T16:33:29.280+09:00 DEBUG 13476 --- [restartedMain] org.hibernate.type.BasicTypeRegistry     : Adding type registration true_false -> org.hibernate.type.BasicTypeReference@5c74fb9e
2024-01-04T16:33:29.280+09:00 DEBUG 13476 --- [restartedMain] org.hibernate.type.BasicTypeRegistry     : Adding type registration org.hibernate.type.TrueFalseConverter -> org.hibernate.type.BasicTypeReference@5c74fb9e
2024-01-04T16:33:29.280+09:00 DEBUG 13476 --- [restartedMain] org.hibernate.type.BasicTypeRegistry     : Adding type registration yes_no -> org.hibernate.type.BasicTypeReference@11b34447
2024-01-04T16:33:29.280+09:00 DEBUG 13476 --- [restartedMain] org.hibernate.type.BasicTypeRegistry     : Adding type registration org.hibernate.type.YesNoConverter -> org.hibernate.type.BasicTypeReference@11b34447
2024-01-04T16:33:29.280+09:00 DEBUG 13476 --- [restartedMain] org.hibernate.type.BasicTypeRegistry     : Adding type registration byte -> org.hibernate.type.BasicTypeReference@59ff0509
2024-01-04T16:33:29.281+09:00 DEBUG 13476 --- [restartedMain] org.hibernate.type.BasicTypeRegistry     : Adding type registration byte -> org.hibernate.type.BasicTypeReference@59ff0509
2024-01-04T16:33:29.281+09:00 DEBUG 13476 --- [restartedMain] org.hibernate.type.BasicTypeRegistry     : Adding type registration java.lang.Byte -> org.hibernate.type.BasicTypeReference@59ff0509
2024-01-04T16:33:29.282+09:00 DEBUG 13476 --- [restartedMain] org.hibernate.type.BasicTypeRegistry     : Adding type registration binary -> org.hibernate.type.BasicTypeReference@607c2e9e
2024-01-04T16:33:29.282+09:00 DEBUG 13476 --- [restartedMain] org.hibernate.type.BasicTypeRegistry     : Adding type registration byte[] -> org.hibernate.type.BasicTypeReference@607c2e9e
2024-01-04T16:33:29.282+09:00 DEBUG 13476 --- [restartedMain] org.hibernate.type.BasicTypeRegistry     : Adding type registration [B -> org.hibernate.type.BasicTypeReference@607c2e9e
2024-01-04T16:33:29.282+09:00 DEBUG 13476 --- [restartedMain] org.hibernate.type.BasicTypeRegistry     : Adding type registration binary_wrapper -> org.hibernate.type.BasicTypeReference@31c3e718
2024-01-04T16:33:29.282+09:00 DEBUG 13476 --- [restartedMain] org.hibernate.type.BasicTypeRegistry     : Adding type registration wrapper-binary -> org.hibernate.type.BasicTypeReference@31c3e718
2024-01-04T16:33:29.282+09:00 DEBUG 13476 --- [restartedMain] org.hibernate.type.BasicTypeRegistry     : Adding type registration image -> org.hibernate.type.BasicTypeReference@304a3760
2024-01-04T16:33:29.282+09:00 DEBUG 13476 --- [restartedMain] org.hibernate.type.BasicTypeRegistry     : Adding type registration blob -> org.hibernate.type.BasicTypeReference@578aa7cc
2024-01-04T16:33:29.282+09:00 DEBUG 13476 --- [restartedMain] org.hibernate.type.BasicTypeRegistry     : Adding type registration java.sql.Blob -> org.hibernate.type.BasicTypeReference@578aa7cc
2024-01-04T16:33:29.282+09:00 DEBUG 13476 --- [restartedMain] org.hibernate.type.BasicTypeRegistry     : Adding type registration materialized_blob -> org.hibernate.type.BasicTypeReference@6cfecdc8
2024-01-04T16:33:29.283+09:00 DEBUG 13476 --- [restartedMain] org.hibernate.type.BasicTypeRegistry     : Adding type registration materialized_blob_wrapper -> org.hibernate.type.BasicTypeReference@422b0c68
2024-01-04T16:33:29.283+09:00 DEBUG 13476 --- [restartedMain] org.hibernate.type.BasicTypeRegistry     : Adding type registration short -> org.hibernate.type.BasicTypeReference@233bd27a
2024-01-04T16:33:29.283+09:00 DEBUG 13476 --- [restartedMain] org.hibernate.type.BasicTypeRegistry     : Adding type registration short -> org.hibernate.type.BasicTypeReference@233bd27a
2024-01-04T16:33:29.283+09:00 DEBUG 13476 --- [restartedMain] org.hibernate.type.BasicTypeRegistry     : Adding type registration java.lang.Short -> org.hibernate.type.BasicTypeReference@233bd27a
2024-01-04T16:33:29.283+09:00 DEBUG 13476 --- [restartedMain] org.hibernate.type.BasicTypeRegistry     : Adding type registration integer -> org.hibernate.type.BasicTypeReference@218da516
2024-01-04T16:33:29.283+09:00 DEBUG 13476 --- [restartedMain] org.hibernate.type.BasicTypeRegistry     : Adding type registration int -> org.hibernate.type.BasicTypeReference@218da516
2024-01-04T16:33:29.283+09:00 DEBUG 13476 --- [restartedMain] org.hibernate.type.BasicTypeRegistry     : Adding type registration java.lang.Integer -> org.hibernate.type.BasicTypeReference@218da516
2024-01-04T16:33:29.283+09:00 DEBUG 13476 --- [restartedMain] org.hibernate.type.BasicTypeRegistry     : Adding type registration long -> org.hibernate.type.BasicTypeReference@3b07bc62
2024-01-04T16:33:29.283+09:00 DEBUG 13476 --- [restartedMain] org.hibernate.type.BasicTypeRegistry     : Adding type registration long -> org.hibernate.type.BasicTypeReference@3b07bc62
2024-01-04T16:33:29.284+09:00 DEBUG 13476 --- [restartedMain] org.hibernate.type.BasicTypeRegistry     : Adding type registration java.lang.Long -> org.hibernate.type.BasicTypeReference@3b07bc62
2024-01-04T16:33:29.284+09:00 DEBUG 13476 --- [restartedMain] org.hibernate.type.BasicTypeRegistry     : Adding type registration float -> org.hibernate.type.BasicTypeReference@21d5bf26
2024-01-04T16:33:29.284+09:00 DEBUG 13476 --- [restartedMain] org.hibernate.type.BasicTypeRegistry     : Adding type registration float -> org.hibernate.type.BasicTypeReference@21d5bf26
2024-01-04T16:33:29.284+09:00 DEBUG 13476 --- [restartedMain] org.hibernate.type.BasicTypeRegistry     : Adding type registration java.lang.Float -> org.hibernate.type.BasicTypeReference@21d5bf26
2024-01-04T16:33:29.284+09:00 DEBUG 13476 --- [restartedMain] org.hibernate.type.BasicTypeRegistry     : Adding type registration double -> org.hibernate.type.BasicTypeReference@5c800164
2024-01-04T16:33:29.284+09:00 DEBUG 13476 --- [restartedMain] org.hibernate.type.BasicTypeRegistry     : Adding type registration double -> org.hibernate.type.BasicTypeReference@5c800164
2024-01-04T16:33:29.284+09:00 DEBUG 13476 --- [restartedMain] org.hibernate.type.BasicTypeRegistry     : Adding type registration java.lang.Double -> org.hibernate.type.BasicTypeReference@5c800164
2024-01-04T16:33:29.284+09:00 DEBUG 13476 --- [restartedMain] org.hibernate.type.BasicTypeRegistry     : Adding type registration big_integer -> org.hibernate.type.BasicTypeReference@1069baf7
2024-01-04T16:33:29.284+09:00 DEBUG 13476 --- [restartedMain] org.hibernate.type.BasicTypeRegistry     : Adding type registration java.math.BigInteger -> org.hibernate.type.BasicTypeReference@1069baf7
2024-01-04T16:33:29.284+09:00 DEBUG 13476 --- [restartedMain] org.hibernate.type.BasicTypeRegistry     : Adding type registration big_decimal -> org.hibernate.type.BasicTypeReference@168bf034
2024-01-04T16:33:29.284+09:00 DEBUG 13476 --- [restartedMain] org.hibernate.type.BasicTypeRegistry     : Adding type registration java.math.BigDecimal -> org.hibernate.type.BasicTypeReference@168bf034
2024-01-04T16:33:29.284+09:00 DEBUG 13476 --- [restartedMain] org.hibernate.type.BasicTypeRegistry     : Adding type registration character -> org.hibernate.type.BasicTypeReference@1aab514c
2024-01-04T16:33:29.284+09:00 DEBUG 13476 --- [restartedMain] org.hibernate.type.BasicTypeRegistry     : Adding type registration char -> org.hibernate.type.BasicTypeReference@1aab514c
2024-01-04T16:33:29.284+09:00 DEBUG 13476 --- [restartedMain] org.hibernate.type.BasicTypeRegistry     : Adding type registration java.lang.Character -> org.hibernate.type.BasicTypeReference@1aab514c
2024-01-04T16:33:29.285+09:00 DEBUG 13476 --- [restartedMain] org.hibernate.type.BasicTypeRegistry     : Adding type registration character_nchar -> org.hibernate.type.BasicTypeReference@467cf85c
2024-01-04T16:33:29.285+09:00 DEBUG 13476 --- [restartedMain] org.hibernate.type.BasicTypeRegistry     : Adding type registration string -> org.hibernate.type.BasicTypeReference@1b9f4c66
2024-01-04T16:33:29.285+09:00 DEBUG 13476 --- [restartedMain] org.hibernate.type.BasicTypeRegistry     : Adding type registration java.lang.String -> org.hibernate.type.BasicTypeReference@1b9f4c66
2024-01-04T16:33:29.285+09:00 DEBUG 13476 --- [restartedMain] org.hibernate.type.BasicTypeRegistry     : Adding type registration nstring -> org.hibernate.type.BasicTypeReference@52dc1571
2024-01-04T16:33:29.285+09:00 DEBUG 13476 --- [restartedMain] org.hibernate.type.BasicTypeRegistry     : Adding type registration characters -> org.hibernate.type.BasicTypeReference@12bd0f57
2024-01-04T16:33:29.285+09:00 DEBUG 13476 --- [restartedMain] org.hibernate.type.BasicTypeRegistry     : Adding type registration char[] -> org.hibernate.type.BasicTypeReference@12bd0f57
2024-01-04T16:33:29.285+09:00 DEBUG 13476 --- [restartedMain] org.hibernate.type.BasicTypeRegistry     : Adding type registration [C -> org.hibernate.type.BasicTypeReference@12bd0f57
2024-01-04T16:33:29.285+09:00 DEBUG 13476 --- [restartedMain] org.hibernate.type.BasicTypeRegistry     : Adding type registration wrapper-characters -> org.hibernate.type.BasicTypeReference@33a2ab44
2024-01-04T16:33:29.285+09:00 DEBUG 13476 --- [restartedMain] org.hibernate.type.BasicTypeRegistry     : Adding type registration text -> org.hibernate.type.BasicTypeReference@52bf3d2a
2024-01-04T16:33:29.285+09:00 DEBUG 13476 --- [restartedMain] org.hibernate.type.BasicTypeRegistry     : Adding type registration ntext -> org.hibernate.type.BasicTypeReference@607add91
2024-01-04T16:33:29.285+09:00 DEBUG 13476 --- [restartedMain] org.hibernate.type.BasicTypeRegistry     : Adding type registration clob -> org.hibernate.type.BasicTypeReference@1a47b17e
2024-01-04T16:33:29.285+09:00 DEBUG 13476 --- [restartedMain] org.hibernate.type.BasicTypeRegistry     : Adding type registration java.sql.Clob -> org.hibernate.type.BasicTypeReference@1a47b17e
2024-01-04T16:33:29.286+09:00 DEBUG 13476 --- [restartedMain] org.hibernate.type.BasicTypeRegistry     : Adding type registration nclob -> org.hibernate.type.BasicTypeReference@3c19c1f9
2024-01-04T16:33:29.286+09:00 DEBUG 13476 --- [restartedMain] org.hibernate.type.BasicTypeRegistry     : Adding type registration java.sql.NClob -> org.hibernate.type.BasicTypeReference@3c19c1f9
2024-01-04T16:33:29.286+09:00 DEBUG 13476 --- [restartedMain] org.hibernate.type.BasicTypeRegistry     : Adding type registration materialized_clob -> org.hibernate.type.BasicTypeReference@17e4ed3d
2024-01-04T16:33:29.286+09:00 DEBUG 13476 --- [restartedMain] org.hibernate.type.BasicTypeRegistry     : Adding type registration materialized_clob_char_array -> org.hibernate.type.BasicTypeReference@21442c05
2024-01-04T16:33:29.286+09:00 DEBUG 13476 --- [restartedMain] org.hibernate.type.BasicTypeRegistry     : Adding type registration materialized_clob_character_array -> org.hibernate.type.BasicTypeReference@6afa512
2024-01-04T16:33:29.286+09:00 DEBUG 13476 --- [restartedMain] org.hibernate.type.BasicTypeRegistry     : Adding type registration materialized_nclob -> org.hibernate.type.BasicTypeReference@74cbba37
2024-01-04T16:33:29.286+09:00 DEBUG 13476 --- [restartedMain] org.hibernate.type.BasicTypeRegistry     : Adding type registration materialized_nclob_character_array -> org.hibernate.type.BasicTypeReference@44763c96
2024-01-04T16:33:29.286+09:00 DEBUG 13476 --- [restartedMain] org.hibernate.type.BasicTypeRegistry     : Adding type registration materialized_nclob_char_array -> org.hibernate.type.BasicTypeReference@44521419
2024-01-04T16:33:29.286+09:00 DEBUG 13476 --- [restartedMain] org.hibernate.type.BasicTypeRegistry     : Adding type registration Duration -> org.hibernate.type.BasicTypeReference@3faeaeb4
2024-01-04T16:33:29.286+09:00 DEBUG 13476 --- [restartedMain] org.hibernate.type.BasicTypeRegistry     : Adding type registration java.time.Duration -> org.hibernate.type.BasicTypeReference@3faeaeb4
2024-01-04T16:33:29.286+09:00 DEBUG 13476 --- [restartedMain] org.hibernate.type.BasicTypeRegistry     : Adding type registration LocalDateTime -> org.hibernate.type.BasicTypeReference@169db174
2024-01-04T16:33:29.286+09:00 DEBUG 13476 --- [restartedMain] org.hibernate.type.BasicTypeRegistry     : Adding type registration java.time.LocalDateTime -> org.hibernate.type.BasicTypeReference@169db174
2024-01-04T16:33:29.286+09:00 DEBUG 13476 --- [restartedMain] org.hibernate.type.BasicTypeRegistry     : Adding type registration LocalDate -> org.hibernate.type.BasicTypeReference@63faadbd
2024-01-04T16:33:29.286+09:00 DEBUG 13476 --- [restartedMain] org.hibernate.type.BasicTypeRegistry     : Adding type registration java.time.LocalDate -> org.hibernate.type.BasicTypeReference@63faadbd
2024-01-04T16:33:29.287+09:00 DEBUG 13476 --- [restartedMain] org.hibernate.type.BasicTypeRegistry     : Adding type registration LocalTime -> org.hibernate.type.BasicTypeReference@37dc9f07
2024-01-04T16:33:29.287+09:00 DEBUG 13476 --- [restartedMain] org.hibernate.type.BasicTypeRegistry     : Adding type registration java.time.LocalTime -> org.hibernate.type.BasicTypeReference@37dc9f07
2024-01-04T16:33:29.287+09:00 DEBUG 13476 --- [restartedMain] org.hibernate.type.BasicTypeRegistry     : Adding type registration OffsetDateTime -> org.hibernate.type.BasicTypeReference@7d4d4c46
2024-01-04T16:33:29.287+09:00 DEBUG 13476 --- [restartedMain] org.hibernate.type.BasicTypeRegistry     : Adding type registration java.time.OffsetDateTime -> org.hibernate.type.BasicTypeReference@7d4d4c46
2024-01-04T16:33:29.287+09:00 DEBUG 13476 --- [restartedMain] org.hibernate.type.BasicTypeRegistry     : Adding type registration OffsetDateTimeWithTimezone -> org.hibernate.type.BasicTypeReference@6a0448a
2024-01-04T16:33:29.287+09:00 DEBUG 13476 --- [restartedMain] org.hibernate.type.BasicTypeRegistry     : Adding type registration OffsetDateTimeWithoutTimezone -> org.hibernate.type.BasicTypeReference@300186a6
2024-01-04T16:33:29.287+09:00 DEBUG 13476 --- [restartedMain] org.hibernate.type.BasicTypeRegistry     : Adding type registration OffsetTime -> org.hibernate.type.BasicTypeReference@63f61306
2024-01-04T16:33:29.287+09:00 DEBUG 13476 --- [restartedMain] org.hibernate.type.BasicTypeRegistry     : Adding type registration java.time.OffsetTime -> org.hibernate.type.BasicTypeReference@63f61306
2024-01-04T16:33:29.287+09:00 DEBUG 13476 --- [restartedMain] org.hibernate.type.BasicTypeRegistry     : Adding type registration OffsetTimeUtc -> org.hibernate.type.BasicTypeReference@74ce4c42
2024-01-04T16:33:29.287+09:00 DEBUG 13476 --- [restartedMain] org.hibernate.type.BasicTypeRegistry     : Adding type registration OffsetTimeWithTimezone -> org.hibernate.type.BasicTypeReference@70ced245
2024-01-04T16:33:29.287+09:00 DEBUG 13476 --- [restartedMain] org.hibernate.type.BasicTypeRegistry     : Adding type registration OffsetTimeWithoutTimezone -> org.hibernate.type.BasicTypeReference@4c464e4c
2024-01-04T16:33:29.287+09:00 DEBUG 13476 --- [restartedMain] org.hibernate.type.BasicTypeRegistry     : Adding type registration ZonedDateTime -> org.hibernate.type.BasicTypeReference@1ffb0ae1
2024-01-04T16:33:29.287+09:00 DEBUG 13476 --- [restartedMain] org.hibernate.type.BasicTypeRegistry     : Adding type registration java.time.ZonedDateTime -> org.hibernate.type.BasicTypeReference@1ffb0ae1
2024-01-04T16:33:29.287+09:00 DEBUG 13476 --- [restartedMain] org.hibernate.type.BasicTypeRegistry     : Adding type registration ZonedDateTimeWithTimezone -> org.hibernate.type.BasicTypeReference@1951e900
2024-01-04T16:33:29.287+09:00 DEBUG 13476 --- [restartedMain] org.hibernate.type.BasicTypeRegistry     : Adding type registration ZonedDateTimeWithoutTimezone -> org.hibernate.type.BasicTypeReference@1f8b5c95
2024-01-04T16:33:29.287+09:00 DEBUG 13476 --- [restartedMain] org.hibernate.type.BasicTypeRegistry     : Adding type registration date -> org.hibernate.type.BasicTypeReference@61c14506
2024-01-04T16:33:29.288+09:00 DEBUG 13476 --- [restartedMain] org.hibernate.type.BasicTypeRegistry     : Adding type registration java.sql.Date -> org.hibernate.type.BasicTypeReference@61c14506
2024-01-04T16:33:29.288+09:00 DEBUG 13476 --- [restartedMain] org.hibernate.type.BasicTypeRegistry     : Adding type registration time -> org.hibernate.type.BasicTypeReference@262ae7dd
2024-01-04T16:33:29.288+09:00 DEBUG 13476 --- [restartedMain] org.hibernate.type.BasicTypeRegistry     : Adding type registration java.sql.Time -> org.hibernate.type.BasicTypeReference@262ae7dd
2024-01-04T16:33:29.288+09:00 DEBUG 13476 --- [restartedMain] org.hibernate.type.BasicTypeRegistry     : Adding type registration timestamp -> org.hibernate.type.BasicTypeReference@302513f1
2024-01-04T16:33:29.288+09:00 DEBUG 13476 --- [restartedMain] org.hibernate.type.BasicTypeRegistry     : Adding type registration java.sql.Timestamp -> org.hibernate.type.BasicTypeReference@302513f1
2024-01-04T16:33:29.288+09:00 DEBUG 13476 --- [restartedMain] org.hibernate.type.BasicTypeRegistry     : Adding type registration java.util.Date -> org.hibernate.type.BasicTypeReference@302513f1
2024-01-04T16:33:29.288+09:00 DEBUG 13476 --- [restartedMain] org.hibernate.type.BasicTypeRegistry     : Adding type registration calendar -> org.hibernate.type.BasicTypeReference@750f8e94
2024-01-04T16:33:29.288+09:00 DEBUG 13476 --- [restartedMain] org.hibernate.type.BasicTypeRegistry     : Adding type registration java.util.Calendar -> org.hibernate.type.BasicTypeReference@750f8e94
2024-01-04T16:33:29.288+09:00 DEBUG 13476 --- [restartedMain] org.hibernate.type.BasicTypeRegistry     : Adding type registration java.util.GregorianCalendar -> org.hibernate.type.BasicTypeReference@750f8e94
2024-01-04T16:33:29.288+09:00 DEBUG 13476 --- [restartedMain] org.hibernate.type.BasicTypeRegistry     : Adding type registration calendar_date -> org.hibernate.type.BasicTypeReference@1e8d1c46
2024-01-04T16:33:29.288+09:00 DEBUG 13476 --- [restartedMain] org.hibernate.type.BasicTypeRegistry     : Adding type registration calendar_time -> org.hibernate.type.BasicTypeReference@6fe80445
2024-01-04T16:33:29.288+09:00 DEBUG 13476 --- [restartedMain] org.hibernate.type.BasicTypeRegistry     : Adding type registration instant -> org.hibernate.type.BasicTypeReference@774a28d2
2024-01-04T16:33:29.288+09:00 DEBUG 13476 --- [restartedMain] org.hibernate.type.BasicTypeRegistry     : Adding type registration java.time.Instant -> org.hibernate.type.BasicTypeReference@774a28d2
2024-01-04T16:33:29.288+09:00 DEBUG 13476 --- [restartedMain] org.hibernate.type.BasicTypeRegistry     : Adding type registration uuid -> org.hibernate.type.BasicTypeReference@7e387381
2024-01-04T16:33:29.288+09:00 DEBUG 13476 --- [restartedMain] org.hibernate.type.BasicTypeRegistry     : Adding type registration java.util.UUID -> org.hibernate.type.BasicTypeReference@7e387381
2024-01-04T16:33:29.288+09:00 DEBUG 13476 --- [restartedMain] org.hibernate.type.BasicTypeRegistry     : Adding type registration pg-uuid -> org.hibernate.type.BasicTypeReference@7e387381
2024-01-04T16:33:29.288+09:00 DEBUG 13476 --- [restartedMain] org.hibernate.type.BasicTypeRegistry     : Adding type registration uuid-binary -> org.hibernate.type.BasicTypeReference@8213f2c
2024-01-04T16:33:29.288+09:00 DEBUG 13476 --- [restartedMain] org.hibernate.type.BasicTypeRegistry     : Adding type registration uuid-char -> org.hibernate.type.BasicTypeReference@27c4d841
2024-01-04T16:33:29.288+09:00 DEBUG 13476 --- [restartedMain] org.hibernate.type.BasicTypeRegistry     : Adding type registration class -> org.hibernate.type.BasicTypeReference@1ee68d3
2024-01-04T16:33:29.288+09:00 DEBUG 13476 --- [restartedMain] org.hibernate.type.BasicTypeRegistry     : Adding type registration java.lang.Class -> org.hibernate.type.BasicTypeReference@1ee68d3
2024-01-04T16:33:29.288+09:00 DEBUG 13476 --- [restartedMain] org.hibernate.type.BasicTypeRegistry     : Adding type registration currency -> org.hibernate.type.BasicTypeReference@3cf7b714
2024-01-04T16:33:29.289+09:00 DEBUG 13476 --- [restartedMain] org.hibernate.type.BasicTypeRegistry     : Adding type registration Currency -> org.hibernate.type.BasicTypeReference@3cf7b714
2024-01-04T16:33:29.289+09:00 DEBUG 13476 --- [restartedMain] org.hibernate.type.BasicTypeRegistry     : Adding type registration java.util.Currency -> org.hibernate.type.BasicTypeReference@3cf7b714
2024-01-04T16:33:29.289+09:00 DEBUG 13476 --- [restartedMain] org.hibernate.type.BasicTypeRegistry     : Adding type registration locale -> org.hibernate.type.BasicTypeReference@3d2e27f9
2024-01-04T16:33:29.289+09:00 DEBUG 13476 --- [restartedMain] org.hibernate.type.BasicTypeRegistry     : Adding type registration java.util.Locale -> org.hibernate.type.BasicTypeReference@3d2e27f9
2024-01-04T16:33:29.289+09:00 DEBUG 13476 --- [restartedMain] org.hibernate.type.BasicTypeRegistry     : Adding type registration serializable -> org.hibernate.type.BasicTypeReference@3c29e6cd
2024-01-04T16:33:29.289+09:00 DEBUG 13476 --- [restartedMain] org.hibernate.type.BasicTypeRegistry     : Adding type registration java.io.Serializable -> org.hibernate.type.BasicTypeReference@3c29e6cd
2024-01-04T16:33:29.289+09:00 DEBUG 13476 --- [restartedMain] org.hibernate.type.BasicTypeRegistry     : Adding type registration timezone -> org.hibernate.type.BasicTypeReference@4ef3a96b
2024-01-04T16:33:29.289+09:00 DEBUG 13476 --- [restartedMain] org.hibernate.type.BasicTypeRegistry     : Adding type registration java.util.TimeZone -> org.hibernate.type.BasicTypeReference@4ef3a96b
2024-01-04T16:33:29.289+09:00 DEBUG 13476 --- [restartedMain] org.hibernate.type.BasicTypeRegistry     : Adding type registration ZoneOffset -> org.hibernate.type.BasicTypeReference@4fbde8b6
2024-01-04T16:33:29.289+09:00 DEBUG 13476 --- [restartedMain] org.hibernate.type.BasicTypeRegistry     : Adding type registration java.time.ZoneOffset -> org.hibernate.type.BasicTypeReference@4fbde8b6
2024-01-04T16:33:29.289+09:00 DEBUG 13476 --- [restartedMain] org.hibernate.type.BasicTypeRegistry     : Adding type registration url -> org.hibernate.type.BasicTypeReference@3600f57
2024-01-04T16:33:29.289+09:00 DEBUG 13476 --- [restartedMain] org.hibernate.type.BasicTypeRegistry     : Adding type registration java.net.URL -> org.hibernate.type.BasicTypeReference@3600f57
2024-01-04T16:33:29.289+09:00 DEBUG 13476 --- [restartedMain] org.hibernate.type.BasicTypeRegistry     : Adding type registration row_version -> org.hibernate.type.BasicTypeReference@708c9e78
2024-01-04T16:33:29.294+09:00 DEBUG 13476 --- [restartedMain] org.hibernate.type.BasicTypeRegistry     : Adding type registration object -> org.hibernate.type.JavaObjectType@370eeb6a
2024-01-04T16:33:29.294+09:00 DEBUG 13476 --- [restartedMain] org.hibernate.type.BasicTypeRegistry     : Adding type registration java.lang.Object -> org.hibernate.type.JavaObjectType@370eeb6a
2024-01-04T16:33:29.295+09:00 DEBUG 13476 --- [restartedMain] org.hibernate.type.BasicTypeRegistry     : Adding type registration null -> org.hibernate.type.NullType@3af8810d
2024-01-04T16:33:29.295+09:00 DEBUG 13476 --- [restartedMain] org.hibernate.type.BasicTypeRegistry     : Adding type registration imm_date -> org.hibernate.type.BasicTypeReference@328abdb7
2024-01-04T16:33:29.295+09:00 DEBUG 13476 --- [restartedMain] org.hibernate.type.BasicTypeRegistry     : Adding type registration imm_time -> org.hibernate.type.BasicTypeReference@4a97c43
2024-01-04T16:33:29.295+09:00 DEBUG 13476 --- [restartedMain] org.hibernate.type.BasicTypeRegistry     : Adding type registration imm_timestamp -> org.hibernate.type.BasicTypeReference@30653bdb
2024-01-04T16:33:29.295+09:00 DEBUG 13476 --- [restartedMain] org.hibernate.type.BasicTypeRegistry     : Adding type registration imm_calendar -> org.hibernate.type.BasicTypeReference@4eeb2433
2024-01-04T16:33:29.295+09:00 DEBUG 13476 --- [restartedMain] org.hibernate.type.BasicTypeRegistry     : Adding type registration imm_calendar_date -> org.hibernate.type.BasicTypeReference@29eb4f5c
2024-01-04T16:33:29.295+09:00 DEBUG 13476 --- [restartedMain] org.hibernate.type.BasicTypeRegistry     : Adding type registration imm_calendar_time -> org.hibernate.type.BasicTypeReference@666f6546
2024-01-04T16:33:29.295+09:00 DEBUG 13476 --- [restartedMain] org.hibernate.type.BasicTypeRegistry     : Adding type registration imm_binary -> org.hibernate.type.BasicTypeReference@7fcd21b3
2024-01-04T16:33:29.295+09:00 DEBUG 13476 --- [restartedMain] org.hibernate.type.BasicTypeRegistry     : Adding type registration imm_serializable -> org.hibernate.type.BasicTypeReference@681048c5
2024-01-04T16:33:29.438+09:00  INFO 13476 --- [restartedMain] o.s.o.j.p.SpringPersistenceUnitInfo      : No LoadTimeWeaver setup: ignoring JPA class transformer
2024-01-04T16:33:29.517+09:00 DEBUG 13476 --- [restartedMain] o.h.t.d.jdbc.spi.JdbcTypeRegistry        : addDescriptor(NCharTypeDescriptor) replaced previous registration(CharTypeDescriptor)
2024-01-04T16:33:29.518+09:00 DEBUG 13476 --- [restartedMain] o.h.t.d.jdbc.spi.JdbcTypeRegistry        : addDescriptor(NVarcharTypeDescriptor) replaced previous registration(VarcharTypeDescriptor)
2024-01-04T16:33:29.519+09:00 DEBUG 13476 --- [restartedMain] o.h.t.d.jdbc.spi.JdbcTypeRegistry        : addDescriptor(LongNVarcharTypeDescriptor) replaced previous registration(LongVarcharTypeDescriptor)
2024-01-04T16:33:29.521+09:00 DEBUG 13476 --- [restartedMain] o.h.t.d.jdbc.spi.JdbcTypeRegistry        : addDescriptor(NClobTypeDescriptor(DEFAULT)) replaced previous registration(ClobTypeDescriptor(DEFAULT))
2024-01-04T16:33:29.521+09:00 DEBUG 13476 --- [restartedMain] o.h.t.d.jdbc.spi.JdbcTypeRegistry        : addDescriptor(2005, ClobTypeDescriptor(STREAM_BINDING)) replaced previous registration(ClobTypeDescriptor(DEFAULT))
2024-01-04T16:33:29.523+09:00 DEBUG 13476 --- [restartedMain] o.h.t.d.jdbc.spi.JdbcTypeRegistry        : addDescriptor(TimestampUtcDescriptor) replaced previous registration(TimestampUtcDescriptor)
2024-01-04T16:33:29.529+09:00 DEBUG 13476 --- [restartedMain] org.hibernate.type.BasicTypeRegistry     : Adding type registration org.hibernate.type.DurationType -> basicType@1(java.time.Duration,2)
2024-01-04T16:33:29.529+09:00 DEBUG 13476 --- [restartedMain] org.hibernate.type.BasicTypeRegistry     : Adding type registration Duration -> basicType@1(java.time.Duration,2)
2024-01-04T16:33:29.529+09:00 DEBUG 13476 --- [restartedMain] org.hibernate.type.BasicTypeRegistry     : Adding type registration java.time.Duration -> basicType@1(java.time.Duration,2)
2024-01-04T16:33:29.532+09:00 DEBUG 13476 --- [restartedMain] o.h.type.spi.TypeConfiguration$Scope     : Scoping TypeConfiguration [org.hibernate.type.spi.TypeConfiguration@10a6c5be] to MetadataBuildingContext [org.hibernate.boot.internal.MetadataBuildingContextRootImpl@48940017]
2024-01-04T16:33:30.327+09:00  INFO 13476 --- [restartedMain] o.h.e.t.j.p.i.JtaPlatformInitiator       : HHH000489: No JTA platform available (set 'hibernate.transaction.jta.platform' to enable JTA platform integration)
2024-01-04T16:33:30.328+09:00 DEBUG 13476 --- [restartedMain] o.h.type.spi.TypeConfiguration$Scope     : Scoping TypeConfiguration [org.hibernate.type.spi.TypeConfiguration@10a6c5be] to SessionFactoryImplementor [org.hibernate.internal.SessionFactoryImpl@64167d83]
2024-01-04T16:33:30.390+09:00 TRACE 13476 --- [restartedMain] o.h.type.spi.TypeConfiguration$Scope     : Handling #sessionFactoryCreated from [org.hibernate.internal.SessionFactoryImpl@64167d83] for TypeConfiguration
2024-01-04T16:33:30.390+09:00  INFO 13476 --- [restartedMain] j.LocalContainerEntityManagerFactoryBean : Initialized JPA EntityManagerFactory for persistence unit 'default'
2024-01-04T16:33:31.265+09:00  WARN 13476 --- [restartedMain] ConfigServletWebServerApplicationContext : Exception encountered during context initialization - cancelling refresh attempt: org.springframework.beans.factory.BeanCreationException: Error creating bean with name 'dataSourceScriptDatabaseInitializer' defined in class path resource [org/springframework/boot/autoconfigure/sql/init/DataSourceInitializationConfiguration.class]: Failed to execute SQL script statement #1 of class path resource [db/data.sql]: insert into user_tb(username, password, email, user_created_at) values('ssar', '1234', 'ssar@nate.com', NOW())
2024-01-04T16:33:31.266+09:00  INFO 13476 --- [restartedMain] j.LocalContainerEntityManagerFactoryBean : Closing JPA EntityManagerFactory for persistence unit 'default'
2024-01-04T16:33:31.267+09:00 TRACE 13476 --- [restartedMain] o.h.type.spi.TypeConfiguration$Scope     : Handling #sessionFactoryClosed from [org.hibernate.internal.SessionFactoryImpl@64167d83] for TypeConfiguration
2024-01-04T16:33:31.267+09:00 DEBUG 13476 --- [restartedMain] o.h.type.spi.TypeConfiguration$Scope     : Un-scoping TypeConfiguration [org.hibernate.type.spi.TypeConfiguration$Scope@195b24fb] from SessionFactory [org.hibernate.internal.SessionFactoryImpl@64167d83]
2024-01-04T16:33:31.487+09:00  WARN 13476 --- [restartedMain] o.s.b.f.support.DisposableBeanAdapter    : Invocation of destroy method failed on bean with name 'inMemoryDatabaseShutdownExecutor': org.h2.jdbc.JdbcSQLNonTransientConnectionException: Database is already closed (to disable automatic closing at VM shutdown, add ";DB_CLOSE_ON_EXIT=FALSE" to the db URL) [90121-214]
2024-01-04T16:33:31.487+09:00  INFO 13476 --- [restartedMain] com.zaxxer.hikari.HikariDataSource       : HikariPool-1 - Shutdown initiated...
2024-01-04T16:33:31.490+09:00  INFO 13476 --- [restartedMain] com.zaxxer.hikari.HikariDataSource       : HikariPool-1 - Shutdown completed.
2024-01-04T16:33:31.492+09:00  INFO 13476 --- [restartedMain] o.apache.catalina.core.StandardService   : Stopping service [Tomcat]
2024-01-04T16:33:31.505+09:00  INFO 13476 --- [restartedMain] .s.b.a.l.ConditionEvaluationReportLogger : 

Error starting ApplicationContext. To display the condition evaluation report re-run your application with 'debug' enabled.
2024-01-04T16:33:31.520+09:00 ERROR 13476 --- [restartedMain] o.s.boot.SpringApplication               : Application run failed

org.springframework.beans.factory.BeanCreationException: Error creating bean with name 'dataSourceScriptDatabaseInitializer' defined in class path resource [org/springframework/boot/autoconfigure/sql/init/DataSourceInitializationConfiguration.class]: Failed to execute SQL script statement #1 of class path resource [db/data.sql]: insert into user_tb(username, password, email, user_created_at) values('ssar', '1234', 'ssar@nate.com', NOW())
	at org.springframework.beans.factory.support.AbstractAutowireCapableBeanFactory.initializeBean(AbstractAutowireCapableBeanFactory.java:1768) ~[spring-beans-6.0.15.jar:6.0.15]
	at org.springframework.beans.factory.support.AbstractAutowireCapableBeanFactory.doCreateBean(AbstractAutowireCapableBeanFactory.java:596) ~[spring-beans-6.0.15.jar:6.0.15]
	at org.springframework.beans.factory.support.AbstractAutowireCapableBeanFactory.createBean(AbstractAutowireCapableBeanFactory.java:518) ~[spring-beans-6.0.15.jar:6.0.15]
	at org.springframework.beans.factory.support.AbstractBeanFactory.lambda$doGetBean$0(AbstractBeanFactory.java:325) ~[spring-beans-6.0.15.jar:6.0.15]
	at org.springframework.beans.factory.support.DefaultSingletonBeanRegistry.getSingleton(DefaultSingletonBeanRegistry.java:234) ~[spring-beans-6.0.15.jar:6.0.15]
	at org.springframework.beans.factory.support.AbstractBeanFactory.doGetBean(AbstractBeanFactory.java:323) ~[spring-beans-6.0.15.jar:6.0.15]
	at org.springframework.beans.factory.support.AbstractBeanFactory.getBean(AbstractBeanFactory.java:199) ~[spring-beans-6.0.15.jar:6.0.15]
	at org.springframework.beans.factory.support.AbstractBeanFactory.doGetBean(AbstractBeanFactory.java:312) ~[spring-beans-6.0.15.jar:6.0.15]
	at org.springframework.beans.factory.support.AbstractBeanFactory.getBean(AbstractBeanFactory.java:199) ~[spring-beans-6.0.15.jar:6.0.15]
	at org.springframework.beans.factory.support.DefaultListableBeanFactory.preInstantiateSingletons(DefaultListableBeanFactory.java:973) ~[spring-beans-6.0.15.jar:6.0.15]
	at org.springframework.context.support.AbstractApplicationContext.finishBeanFactoryInitialization(AbstractApplicationContext.java:950) ~[spring-context-6.0.15.jar:6.0.15]
	at org.springframework.context.support.AbstractApplicationContext.refresh(AbstractApplicationContext.java:616) ~[spring-context-6.0.15.jar:6.0.15]
	at org.springframework.boot.web.servlet.context.ServletWebServerApplicationContext.refresh(ServletWebServerApplicationContext.java:146) ~[spring-boot-3.1.7.jar:3.1.7]
	at org.springframework.boot.SpringApplication.refresh(SpringApplication.java:746) ~[spring-boot-3.1.7.jar:3.1.7]
	at org.springframework.boot.SpringApplication.refreshContext(SpringApplication.java:448) ~[spring-boot-3.1.7.jar:3.1.7]
	at org.springframework.boot.SpringApplication.run(SpringApplication.java:324) ~[spring-boot-3.1.7.jar:3.1.7]
	at org.springframework.boot.SpringApplication.run(SpringApplication.java:1321) ~[spring-boot-3.1.7.jar:3.1.7]
	at org.springframework.boot.SpringApplication.run(SpringApplication.java:1310) ~[spring-boot-3.1.7.jar:3.1.7]
	at com.example.team_project.TeamProjectApplication.main(TeamProjectApplication.java:10) ~[main/:na]
	at java.base/jdk.internal.reflect.NativeMethodAccessorImpl.invoke0(Native Method) ~[na:na]
	at java.base/jdk.internal.reflect.NativeMethodAccessorImpl.invoke(NativeMethodAccessorImpl.java:77) ~[na:na]
	at java.base/jdk.internal.reflect.DelegatingMethodAccessorImpl.invoke(DelegatingMethodAccessorImpl.java:43) ~[na:na]
	at java.base/java.lang.reflect.Method.invoke(Method.java:568) ~[na:na]
	at org.springframework.boot.devtools.restart.RestartLauncher.run(RestartLauncher.java:50) ~[spring-boot-devtools-3.1.7.jar:3.1.7]
Caused by: org.springframework.jdbc.datasource.init.ScriptStatementFailedException: Failed to execute SQL script statement #1 of class path resource [db/data.sql]: insert into user_tb(username, password, email, user_created_at) values('ssar', '1234', 'ssar@nate.com', NOW())
	at org.springframework.jdbc.datasource.init.ScriptUtils.executeSqlScript(ScriptUtils.java:282) ~[spring-jdbc-6.0.15.jar:6.0.15]
	at org.springframework.jdbc.datasource.init.ResourceDatabasePopulator.populate(ResourceDatabasePopulator.java:254) ~[spring-jdbc-6.0.15.jar:6.0.15]
	at org.springframework.jdbc.datasource.init.DatabasePopulatorUtils.execute(DatabasePopulatorUtils.java:54) ~[spring-jdbc-6.0.15.jar:6.0.15]
	at org.springframework.boot.jdbc.init.DataSourceScriptDatabaseInitializer.runScripts(DataSourceScriptDatabaseInitializer.java:87) ~[spring-boot-3.1.7.jar:3.1.7]
	at org.springframework.boot.sql.init.AbstractScriptDatabaseInitializer.runScripts(AbstractScriptDatabaseInitializer.java:146) ~[spring-boot-3.1.7.jar:3.1.7]
	at org.springframework.boot.sql.init.AbstractScriptDatabaseInitializer.applyScripts(AbstractScriptDatabaseInitializer.java:108) ~[spring-boot-3.1.7.jar:3.1.7]
	at org.springframework.boot.sql.init.AbstractScriptDatabaseInitializer.applyDataScripts(AbstractScriptDatabaseInitializer.java:102) ~[spring-boot-3.1.7.jar:3.1.7]
	at org.springframework.boot.sql.init.AbstractScriptDatabaseInitializer.initializeDatabase(AbstractScriptDatabaseInitializer.java:77) ~[spring-boot-3.1.7.jar:3.1.7]
	at org.springframework.boot.sql.init.AbstractScriptDatabaseInitializer.afterPropertiesSet(AbstractScriptDatabaseInitializer.java:66) ~[spring-boot-3.1.7.jar:3.1.7]
	at org.springframework.beans.factory.support.AbstractAutowireCapableBeanFactory.invokeInitMethods(AbstractAutowireCapableBeanFactory.java:1815) ~[spring-beans-6.0.15.jar:6.0.15]
	at org.springframework.beans.factory.support.AbstractAutowireCapableBeanFactory.initializeBean(AbstractAutowireCapableBeanFactory.java:1764) ~[spring-beans-6.0.15.jar:6.0.15]
	... 23 common frames omitted
Caused by: org.h2.jdbc.JdbcSQLSyntaxErrorException: Column "EMAIL" not found; SQL statement:
insert into user_tb(username, password, email, user_created_at) values('ssar', '1234', 'ssar@nate.com', NOW()) [42122-214]
	at org.h2.message.DbException.getJdbcSQLException(DbException.java:502) ~[h2-2.1.214.jar:2.1.214]
	at org.h2.message.DbException.getJdbcSQLException(DbException.java:477) ~[h2-2.1.214.jar:2.1.214]
	at org.h2.message.DbException.get(DbException.java:223) ~[h2-2.1.214.jar:2.1.214]
	at org.h2.message.DbException.get(DbException.java:199) ~[h2-2.1.214.jar:2.1.214]
	at org.h2.table.Table.getColumn(Table.java:749) ~[h2-2.1.214.jar:2.1.214]
	at org.h2.command.Parser.parseColumn(Parser.java:1256) ~[h2-2.1.214.jar:2.1.214]
	at org.h2.command.Parser.parseColumnList(Parser.java:1241) ~[h2-2.1.214.jar:2.1.214]
	at org.h2.command.Parser.parseInsert(Parser.java:1641) ~[h2-2.1.214.jar:2.1.214]
	at org.h2.command.Parser.parsePrepared(Parser.java:814) ~[h2-2.1.214.jar:2.1.214]
	at org.h2.command.Parser.parse(Parser.java:689) ~[h2-2.1.214.jar:2.1.214]
	at org.h2.command.Parser.parse(Parser.java:661) ~[h2-2.1.214.jar:2.1.214]
	at org.h2.command.Parser.prepareCommand(Parser.java:569) ~[h2-2.1.214.jar:2.1.214]
	at org.h2.engine.SessionLocal.prepareLocal(SessionLocal.java:631) ~[h2-2.1.214.jar:2.1.214]
	at org.h2.engine.SessionLocal.prepareCommand(SessionLocal.java:554) ~[h2-2.1.214.jar:2.1.214]
	at org.h2.jdbc.JdbcConnection.prepareCommand(JdbcConnection.java:1116) ~[h2-2.1.214.jar:2.1.214]
	at org.h2.jdbc.JdbcStatement.executeInternal(JdbcStatement.java:237) ~[h2-2.1.214.jar:2.1.214]
	at org.h2.jdbc.JdbcStatement.execute(JdbcStatement.java:223) ~[h2-2.1.214.jar:2.1.214]
	at com.zaxxer.hikari.pool.ProxyStatement.execute(ProxyStatement.java:94) ~[HikariCP-5.0.1.jar:na]
	at com.zaxxer.hikari.pool.HikariProxyStatement.execute(HikariProxyStatement.java) ~[HikariCP-5.0.1.jar:na]
	at org.springframework.jdbc.datasource.init.ScriptUtils.executeSqlScript(ScriptUtils.java:261) ~[spring-jdbc-6.0.15.jar:6.0.15]
	... 33 common frames omitted

2024-01-04T16:34:26.256+09:00  INFO 13632 --- [restartedMain] .e.DevToolsPropertyDefaultsPostProcessor : Devtools property defaults active! Set 'spring.devtools.add-properties' to 'false' to disable
2024-01-04T16:34:26.258+09:00  INFO 13632 --- [restartedMain] .e.DevToolsPropertyDefaultsPostProcessor : For additional web related logging consider setting the 'logging.level.web' property to 'DEBUG'
2024-01-04T16:34:26.803+09:00  INFO 13632 --- [restartedMain] .s.d.r.c.RepositoryConfigurationDelegate : Bootstrapping Spring Data JPA repositories in DEFAULT mode.
2024-01-04T16:34:26.881+09:00  INFO 13632 --- [restartedMain] .s.d.r.c.RepositoryConfigurationDelegate : Finished Spring Data repository scanning in 73 ms. Found 13 JPA repository interfaces.
2024-01-04T16:34:27.400+09:00  INFO 13632 --- [restartedMain] o.s.b.w.embedded.tomcat.TomcatWebServer  : Tomcat initialized with port(s): 8080 (http)
2024-01-04T16:34:27.407+09:00  INFO 13632 --- [restartedMain] o.apache.catalina.core.StandardService   : Starting service [Tomcat]
2024-01-04T16:34:27.408+09:00  INFO 13632 --- [restartedMain] o.apache.catalina.core.StandardEngine    : Starting Servlet engine: [Apache Tomcat/10.1.17]
2024-01-04T16:34:27.451+09:00  INFO 13632 --- [restartedMain] o.a.c.c.C.[Tomcat].[localhost].[/]       : Initializing Spring embedded WebApplicationContext
2024-01-04T16:34:27.451+09:00  INFO 13632 --- [restartedMain] w.s.c.ServletWebServerApplicationContext : Root WebApplicationContext: initialization completed in 1193 ms
2024-01-04T16:34:27.481+09:00  INFO 13632 --- [restartedMain] com.zaxxer.hikari.HikariDataSource       : HikariPool-1 - Starting...
2024-01-04T16:34:27.642+09:00  INFO 13632 --- [restartedMain] com.zaxxer.hikari.pool.HikariPool        : HikariPool-1 - Added connection conn0: url=jdbc:h2:mem:test user=SA
2024-01-04T16:34:27.645+09:00  INFO 13632 --- [restartedMain] com.zaxxer.hikari.HikariDataSource       : HikariPool-1 - Start completed.
2024-01-04T16:34:27.656+09:00  INFO 13632 --- [restartedMain] o.s.b.a.h2.H2ConsoleAutoConfiguration    : H2 console available at '/h2-console'. Database available at 'jdbc:h2:mem:test'
2024-01-04T16:34:27.744+09:00  INFO 13632 --- [restartedMain] o.hibernate.jpa.internal.util.LogHelper  : HHH000204: Processing PersistenceUnitInfo [name: default]
2024-01-04T16:34:27.783+09:00  INFO 13632 --- [restartedMain] org.hibernate.Version                    : HHH000412: Hibernate ORM core version 6.2.17.Final
2024-01-04T16:34:27.785+09:00  INFO 13632 --- [restartedMain] org.hibernate.cfg.Environment            : HHH000406: Using bytecode reflection optimizer
2024-01-04T16:34:27.864+09:00 DEBUG 13632 --- [restartedMain] org.hibernate.type.BasicTypeRegistry     : Adding type registration boolean -> org.hibernate.type.BasicTypeReference@20d8f90d
2024-01-04T16:34:27.864+09:00 DEBUG 13632 --- [restartedMain] org.hibernate.type.BasicTypeRegistry     : Adding type registration boolean -> org.hibernate.type.BasicTypeReference@20d8f90d
2024-01-04T16:34:27.864+09:00 DEBUG 13632 --- [restartedMain] org.hibernate.type.BasicTypeRegistry     : Adding type registration java.lang.Boolean -> org.hibernate.type.BasicTypeReference@20d8f90d
2024-01-04T16:34:27.864+09:00 DEBUG 13632 --- [restartedMain] org.hibernate.type.BasicTypeRegistry     : Adding type registration numeric_boolean -> org.hibernate.type.BasicTypeReference@f80f1fc
2024-01-04T16:34:27.865+09:00 DEBUG 13632 --- [restartedMain] org.hibernate.type.BasicTypeRegistry     : Adding type registration org.hibernate.type.NumericBooleanConverter -> org.hibernate.type.BasicTypeReference@f80f1fc
2024-01-04T16:34:27.865+09:00 DEBUG 13632 --- [restartedMain] org.hibernate.type.BasicTypeRegistry     : Adding type registration true_false -> org.hibernate.type.BasicTypeReference@3f2806e3
2024-01-04T16:34:27.865+09:00 DEBUG 13632 --- [restartedMain] org.hibernate.type.BasicTypeRegistry     : Adding type registration org.hibernate.type.TrueFalseConverter -> org.hibernate.type.BasicTypeReference@3f2806e3
2024-01-04T16:34:27.865+09:00 DEBUG 13632 --- [restartedMain] org.hibernate.type.BasicTypeRegistry     : Adding type registration yes_no -> org.hibernate.type.BasicTypeReference@4c444c86
2024-01-04T16:34:27.865+09:00 DEBUG 13632 --- [restartedMain] org.hibernate.type.BasicTypeRegistry     : Adding type registration org.hibernate.type.YesNoConverter -> org.hibernate.type.BasicTypeReference@4c444c86
2024-01-04T16:34:27.865+09:00 DEBUG 13632 --- [restartedMain] org.hibernate.type.BasicTypeRegistry     : Adding type registration byte -> org.hibernate.type.BasicTypeReference@2b33d492
2024-01-04T16:34:27.865+09:00 DEBUG 13632 --- [restartedMain] org.hibernate.type.BasicTypeRegistry     : Adding type registration byte -> org.hibernate.type.BasicTypeReference@2b33d492
2024-01-04T16:34:27.865+09:00 DEBUG 13632 --- [restartedMain] org.hibernate.type.BasicTypeRegistry     : Adding type registration java.lang.Byte -> org.hibernate.type.BasicTypeReference@2b33d492
2024-01-04T16:34:27.866+09:00 DEBUG 13632 --- [restartedMain] org.hibernate.type.BasicTypeRegistry     : Adding type registration binary -> org.hibernate.type.BasicTypeReference@23b4df19
2024-01-04T16:34:27.866+09:00 DEBUG 13632 --- [restartedMain] org.hibernate.type.BasicTypeRegistry     : Adding type registration byte[] -> org.hibernate.type.BasicTypeReference@23b4df19
2024-01-04T16:34:27.866+09:00 DEBUG 13632 --- [restartedMain] org.hibernate.type.BasicTypeRegistry     : Adding type registration [B -> org.hibernate.type.BasicTypeReference@23b4df19
2024-01-04T16:34:27.866+09:00 DEBUG 13632 --- [restartedMain] org.hibernate.type.BasicTypeRegistry     : Adding type registration binary_wrapper -> org.hibernate.type.BasicTypeReference@7384867
2024-01-04T16:34:27.866+09:00 DEBUG 13632 --- [restartedMain] org.hibernate.type.BasicTypeRegistry     : Adding type registration wrapper-binary -> org.hibernate.type.BasicTypeReference@7384867
2024-01-04T16:34:27.866+09:00 DEBUG 13632 --- [restartedMain] org.hibernate.type.BasicTypeRegistry     : Adding type registration image -> org.hibernate.type.BasicTypeReference@2f1138e
2024-01-04T16:34:27.866+09:00 DEBUG 13632 --- [restartedMain] org.hibernate.type.BasicTypeRegistry     : Adding type registration blob -> org.hibernate.type.BasicTypeReference@780bc908
2024-01-04T16:34:27.866+09:00 DEBUG 13632 --- [restartedMain] org.hibernate.type.BasicTypeRegistry     : Adding type registration java.sql.Blob -> org.hibernate.type.BasicTypeReference@780bc908
2024-01-04T16:34:27.866+09:00 DEBUG 13632 --- [restartedMain] org.hibernate.type.BasicTypeRegistry     : Adding type registration materialized_blob -> org.hibernate.type.BasicTypeReference@1e982e66
2024-01-04T16:34:27.866+09:00 DEBUG 13632 --- [restartedMain] org.hibernate.type.BasicTypeRegistry     : Adding type registration materialized_blob_wrapper -> org.hibernate.type.BasicTypeReference@5b2626a2
2024-01-04T16:34:27.867+09:00 DEBUG 13632 --- [restartedMain] org.hibernate.type.BasicTypeRegistry     : Adding type registration short -> org.hibernate.type.BasicTypeReference@5141332b
2024-01-04T16:34:27.867+09:00 DEBUG 13632 --- [restartedMain] org.hibernate.type.BasicTypeRegistry     : Adding type registration short -> org.hibernate.type.BasicTypeReference@5141332b
2024-01-04T16:34:27.867+09:00 DEBUG 13632 --- [restartedMain] org.hibernate.type.BasicTypeRegistry     : Adding type registration java.lang.Short -> org.hibernate.type.BasicTypeReference@5141332b
2024-01-04T16:34:27.867+09:00 DEBUG 13632 --- [restartedMain] org.hibernate.type.BasicTypeRegistry     : Adding type registration integer -> org.hibernate.type.BasicTypeReference@77a4e382
2024-01-04T16:34:27.867+09:00 DEBUG 13632 --- [restartedMain] org.hibernate.type.BasicTypeRegistry     : Adding type registration int -> org.hibernate.type.BasicTypeReference@77a4e382
2024-01-04T16:34:27.868+09:00 DEBUG 13632 --- [restartedMain] org.hibernate.type.BasicTypeRegistry     : Adding type registration java.lang.Integer -> org.hibernate.type.BasicTypeReference@77a4e382
2024-01-04T16:34:27.868+09:00 DEBUG 13632 --- [restartedMain] org.hibernate.type.BasicTypeRegistry     : Adding type registration long -> org.hibernate.type.BasicTypeReference@2890180e
2024-01-04T16:34:27.868+09:00 DEBUG 13632 --- [restartedMain] org.hibernate.type.BasicTypeRegistry     : Adding type registration long -> org.hibernate.type.BasicTypeReference@2890180e
2024-01-04T16:34:27.868+09:00 DEBUG 13632 --- [restartedMain] org.hibernate.type.BasicTypeRegistry     : Adding type registration java.lang.Long -> org.hibernate.type.BasicTypeReference@2890180e
2024-01-04T16:34:27.868+09:00 DEBUG 13632 --- [restartedMain] org.hibernate.type.BasicTypeRegistry     : Adding type registration float -> org.hibernate.type.BasicTypeReference@42692888
2024-01-04T16:34:27.868+09:00 DEBUG 13632 --- [restartedMain] org.hibernate.type.BasicTypeRegistry     : Adding type registration float -> org.hibernate.type.BasicTypeReference@42692888
2024-01-04T16:34:27.868+09:00 DEBUG 13632 --- [restartedMain] org.hibernate.type.BasicTypeRegistry     : Adding type registration java.lang.Float -> org.hibernate.type.BasicTypeReference@42692888
2024-01-04T16:34:27.868+09:00 DEBUG 13632 --- [restartedMain] org.hibernate.type.BasicTypeRegistry     : Adding type registration double -> org.hibernate.type.BasicTypeReference@1a699385
2024-01-04T16:34:27.868+09:00 DEBUG 13632 --- [restartedMain] org.hibernate.type.BasicTypeRegistry     : Adding type registration double -> org.hibernate.type.BasicTypeReference@1a699385
2024-01-04T16:34:27.868+09:00 DEBUG 13632 --- [restartedMain] org.hibernate.type.BasicTypeRegistry     : Adding type registration java.lang.Double -> org.hibernate.type.BasicTypeReference@1a699385
2024-01-04T16:34:27.868+09:00 DEBUG 13632 --- [restartedMain] org.hibernate.type.BasicTypeRegistry     : Adding type registration big_integer -> org.hibernate.type.BasicTypeReference@4a81cbb9
2024-01-04T16:34:27.869+09:00 DEBUG 13632 --- [restartedMain] org.hibernate.type.BasicTypeRegistry     : Adding type registration java.math.BigInteger -> org.hibernate.type.BasicTypeReference@4a81cbb9
2024-01-04T16:34:27.869+09:00 DEBUG 13632 --- [restartedMain] org.hibernate.type.BasicTypeRegistry     : Adding type registration big_decimal -> org.hibernate.type.BasicTypeReference@62f9ea8f
2024-01-04T16:34:27.869+09:00 DEBUG 13632 --- [restartedMain] org.hibernate.type.BasicTypeRegistry     : Adding type registration java.math.BigDecimal -> org.hibernate.type.BasicTypeReference@62f9ea8f
2024-01-04T16:34:27.869+09:00 DEBUG 13632 --- [restartedMain] org.hibernate.type.BasicTypeRegistry     : Adding type registration character -> org.hibernate.type.BasicTypeReference@69dfb330
2024-01-04T16:34:27.869+09:00 DEBUG 13632 --- [restartedMain] org.hibernate.type.BasicTypeRegistry     : Adding type registration char -> org.hibernate.type.BasicTypeReference@69dfb330
2024-01-04T16:34:27.869+09:00 DEBUG 13632 --- [restartedMain] org.hibernate.type.BasicTypeRegistry     : Adding type registration java.lang.Character -> org.hibernate.type.BasicTypeReference@69dfb330
2024-01-04T16:34:27.869+09:00 DEBUG 13632 --- [restartedMain] org.hibernate.type.BasicTypeRegistry     : Adding type registration character_nchar -> org.hibernate.type.BasicTypeReference@3ffce035
2024-01-04T16:34:27.869+09:00 DEBUG 13632 --- [restartedMain] org.hibernate.type.BasicTypeRegistry     : Adding type registration string -> org.hibernate.type.BasicTypeReference@7be43870
2024-01-04T16:34:27.869+09:00 DEBUG 13632 --- [restartedMain] org.hibernate.type.BasicTypeRegistry     : Adding type registration java.lang.String -> org.hibernate.type.BasicTypeReference@7be43870
2024-01-04T16:34:27.870+09:00 DEBUG 13632 --- [restartedMain] org.hibernate.type.BasicTypeRegistry     : Adding type registration nstring -> org.hibernate.type.BasicTypeReference@56641811
2024-01-04T16:34:27.870+09:00 DEBUG 13632 --- [restartedMain] org.hibernate.type.BasicTypeRegistry     : Adding type registration characters -> org.hibernate.type.BasicTypeReference@423677de
2024-01-04T16:34:27.870+09:00 DEBUG 13632 --- [restartedMain] org.hibernate.type.BasicTypeRegistry     : Adding type registration char[] -> org.hibernate.type.BasicTypeReference@423677de
2024-01-04T16:34:27.870+09:00 DEBUG 13632 --- [restartedMain] org.hibernate.type.BasicTypeRegistry     : Adding type registration [C -> org.hibernate.type.BasicTypeReference@423677de
2024-01-04T16:34:27.870+09:00 DEBUG 13632 --- [restartedMain] org.hibernate.type.BasicTypeRegistry     : Adding type registration wrapper-characters -> org.hibernate.type.BasicTypeReference@1a13dae5
2024-01-04T16:34:27.870+09:00 DEBUG 13632 --- [restartedMain] org.hibernate.type.BasicTypeRegistry     : Adding type registration text -> org.hibernate.type.BasicTypeReference@40ee466f
2024-01-04T16:34:27.870+09:00 DEBUG 13632 --- [restartedMain] org.hibernate.type.BasicTypeRegistry     : Adding type registration ntext -> org.hibernate.type.BasicTypeReference@36bc6af3
2024-01-04T16:34:27.870+09:00 DEBUG 13632 --- [restartedMain] org.hibernate.type.BasicTypeRegistry     : Adding type registration clob -> org.hibernate.type.BasicTypeReference@4745637d
2024-01-04T16:34:27.870+09:00 DEBUG 13632 --- [restartedMain] org.hibernate.type.BasicTypeRegistry     : Adding type registration java.sql.Clob -> org.hibernate.type.BasicTypeReference@4745637d
2024-01-04T16:34:27.871+09:00 DEBUG 13632 --- [restartedMain] org.hibernate.type.BasicTypeRegistry     : Adding type registration nclob -> org.hibernate.type.BasicTypeReference@43055d82
2024-01-04T16:34:27.871+09:00 DEBUG 13632 --- [restartedMain] org.hibernate.type.BasicTypeRegistry     : Adding type registration java.sql.NClob -> org.hibernate.type.BasicTypeReference@43055d82
2024-01-04T16:34:27.871+09:00 DEBUG 13632 --- [restartedMain] org.hibernate.type.BasicTypeRegistry     : Adding type registration materialized_clob -> org.hibernate.type.BasicTypeReference@716aa6b3
2024-01-04T16:34:27.871+09:00 DEBUG 13632 --- [restartedMain] org.hibernate.type.BasicTypeRegistry     : Adding type registration materialized_clob_char_array -> org.hibernate.type.BasicTypeReference@2454b19f
2024-01-04T16:34:27.871+09:00 DEBUG 13632 --- [restartedMain] org.hibernate.type.BasicTypeRegistry     : Adding type registration materialized_clob_character_array -> org.hibernate.type.BasicTypeReference@486670e3
2024-01-04T16:34:27.871+09:00 DEBUG 13632 --- [restartedMain] org.hibernate.type.BasicTypeRegistry     : Adding type registration materialized_nclob -> org.hibernate.type.BasicTypeReference@2166cd20
2024-01-04T16:34:27.871+09:00 DEBUG 13632 --- [restartedMain] org.hibernate.type.BasicTypeRegistry     : Adding type registration materialized_nclob_character_array -> org.hibernate.type.BasicTypeReference@51da881
2024-01-04T16:34:27.871+09:00 DEBUG 13632 --- [restartedMain] org.hibernate.type.BasicTypeRegistry     : Adding type registration materialized_nclob_char_array -> org.hibernate.type.BasicTypeReference@4c439f4
2024-01-04T16:34:27.871+09:00 DEBUG 13632 --- [restartedMain] org.hibernate.type.BasicTypeRegistry     : Adding type registration Duration -> org.hibernate.type.BasicTypeReference@7fdeb0e7
2024-01-04T16:34:27.871+09:00 DEBUG 13632 --- [restartedMain] org.hibernate.type.BasicTypeRegistry     : Adding type registration java.time.Duration -> org.hibernate.type.BasicTypeReference@7fdeb0e7
2024-01-04T16:34:27.872+09:00 DEBUG 13632 --- [restartedMain] org.hibernate.type.BasicTypeRegistry     : Adding type registration LocalDateTime -> org.hibernate.type.BasicTypeReference@68c66df1
2024-01-04T16:34:27.872+09:00 DEBUG 13632 --- [restartedMain] org.hibernate.type.BasicTypeRegistry     : Adding type registration java.time.LocalDateTime -> org.hibernate.type.BasicTypeReference@68c66df1
2024-01-04T16:34:27.872+09:00 DEBUG 13632 --- [restartedMain] org.hibernate.type.BasicTypeRegistry     : Adding type registration LocalDate -> org.hibernate.type.BasicTypeReference@7789c8
2024-01-04T16:34:27.872+09:00 DEBUG 13632 --- [restartedMain] org.hibernate.type.BasicTypeRegistry     : Adding type registration java.time.LocalDate -> org.hibernate.type.BasicTypeReference@7789c8
2024-01-04T16:34:27.873+09:00 DEBUG 13632 --- [restartedMain] org.hibernate.type.BasicTypeRegistry     : Adding type registration LocalTime -> org.hibernate.type.BasicTypeReference@25591bab
2024-01-04T16:34:27.873+09:00 DEBUG 13632 --- [restartedMain] org.hibernate.type.BasicTypeRegistry     : Adding type registration java.time.LocalTime -> org.hibernate.type.BasicTypeReference@25591bab
2024-01-04T16:34:27.873+09:00 DEBUG 13632 --- [restartedMain] org.hibernate.type.BasicTypeRegistry     : Adding type registration OffsetDateTime -> org.hibernate.type.BasicTypeReference@2f0ace6f
2024-01-04T16:34:27.873+09:00 DEBUG 13632 --- [restartedMain] org.hibernate.type.BasicTypeRegistry     : Adding type registration java.time.OffsetDateTime -> org.hibernate.type.BasicTypeReference@2f0ace6f
2024-01-04T16:34:27.873+09:00 DEBUG 13632 --- [restartedMain] org.hibernate.type.BasicTypeRegistry     : Adding type registration OffsetDateTimeWithTimezone -> org.hibernate.type.BasicTypeReference@7478879a
2024-01-04T16:34:27.873+09:00 DEBUG 13632 --- [restartedMain] org.hibernate.type.BasicTypeRegistry     : Adding type registration OffsetDateTimeWithoutTimezone -> org.hibernate.type.BasicTypeReference@48fd6914
2024-01-04T16:34:27.873+09:00 DEBUG 13632 --- [restartedMain] org.hibernate.type.BasicTypeRegistry     : Adding type registration OffsetTime -> org.hibernate.type.BasicTypeReference@2594a7e3
2024-01-04T16:34:27.873+09:00 DEBUG 13632 --- [restartedMain] org.hibernate.type.BasicTypeRegistry     : Adding type registration java.time.OffsetTime -> org.hibernate.type.BasicTypeReference@2594a7e3
2024-01-04T16:34:27.873+09:00 DEBUG 13632 --- [restartedMain] org.hibernate.type.BasicTypeRegistry     : Adding type registration OffsetTimeUtc -> org.hibernate.type.BasicTypeReference@5c947c88
2024-01-04T16:34:27.873+09:00 DEBUG 13632 --- [restartedMain] org.hibernate.type.BasicTypeRegistry     : Adding type registration OffsetTimeWithTimezone -> org.hibernate.type.BasicTypeReference@6ce074d7
2024-01-04T16:34:27.873+09:00 DEBUG 13632 --- [restartedMain] org.hibernate.type.BasicTypeRegistry     : Adding type registration OffsetTimeWithoutTimezone -> org.hibernate.type.BasicTypeReference@4ff61596
2024-01-04T16:34:27.873+09:00 DEBUG 13632 --- [restartedMain] org.hibernate.type.BasicTypeRegistry     : Adding type registration ZonedDateTime -> org.hibernate.type.BasicTypeReference@4f5d0834
2024-01-04T16:34:27.873+09:00 DEBUG 13632 --- [restartedMain] org.hibernate.type.BasicTypeRegistry     : Adding type registration java.time.ZonedDateTime -> org.hibernate.type.BasicTypeReference@4f5d0834
2024-01-04T16:34:27.874+09:00 DEBUG 13632 --- [restartedMain] org.hibernate.type.BasicTypeRegistry     : Adding type registration ZonedDateTimeWithTimezone -> org.hibernate.type.BasicTypeReference@30524d6b
2024-01-04T16:34:27.874+09:00 DEBUG 13632 --- [restartedMain] org.hibernate.type.BasicTypeRegistry     : Adding type registration ZonedDateTimeWithoutTimezone -> org.hibernate.type.BasicTypeReference@5ffbc17a
2024-01-04T16:34:27.874+09:00 DEBUG 13632 --- [restartedMain] org.hibernate.type.BasicTypeRegistry     : Adding type registration date -> org.hibernate.type.BasicTypeReference@205e25b6
2024-01-04T16:34:27.874+09:00 DEBUG 13632 --- [restartedMain] org.hibernate.type.BasicTypeRegistry     : Adding type registration java.sql.Date -> org.hibernate.type.BasicTypeReference@205e25b6
2024-01-04T16:34:27.874+09:00 DEBUG 13632 --- [restartedMain] org.hibernate.type.BasicTypeRegistry     : Adding type registration time -> org.hibernate.type.BasicTypeReference@7e59521
2024-01-04T16:34:27.874+09:00 DEBUG 13632 --- [restartedMain] org.hibernate.type.BasicTypeRegistry     : Adding type registration java.sql.Time -> org.hibernate.type.BasicTypeReference@7e59521
2024-01-04T16:34:27.874+09:00 DEBUG 13632 --- [restartedMain] org.hibernate.type.BasicTypeRegistry     : Adding type registration timestamp -> org.hibernate.type.BasicTypeReference@257ea9a3
2024-01-04T16:34:27.874+09:00 DEBUG 13632 --- [restartedMain] org.hibernate.type.BasicTypeRegistry     : Adding type registration java.sql.Timestamp -> org.hibernate.type.BasicTypeReference@257ea9a3
2024-01-04T16:34:27.874+09:00 DEBUG 13632 --- [restartedMain] org.hibernate.type.BasicTypeRegistry     : Adding type registration java.util.Date -> org.hibernate.type.BasicTypeReference@257ea9a3
2024-01-04T16:34:27.874+09:00 DEBUG 13632 --- [restartedMain] org.hibernate.type.BasicTypeRegistry     : Adding type registration calendar -> org.hibernate.type.BasicTypeReference@248f4c67
2024-01-04T16:34:27.874+09:00 DEBUG 13632 --- [restartedMain] org.hibernate.type.BasicTypeRegistry     : Adding type registration java.util.Calendar -> org.hibernate.type.BasicTypeReference@248f4c67
2024-01-04T16:34:27.875+09:00 DEBUG 13632 --- [restartedMain] org.hibernate.type.BasicTypeRegistry     : Adding type registration java.util.GregorianCalendar -> org.hibernate.type.BasicTypeReference@248f4c67
2024-01-04T16:34:27.875+09:00 DEBUG 13632 --- [restartedMain] org.hibernate.type.BasicTypeRegistry     : Adding type registration calendar_date -> org.hibernate.type.BasicTypeReference@752daed5
2024-01-04T16:34:27.875+09:00 DEBUG 13632 --- [restartedMain] org.hibernate.type.BasicTypeRegistry     : Adding type registration calendar_time -> org.hibernate.type.BasicTypeReference@5eca61cc
2024-01-04T16:34:27.875+09:00 DEBUG 13632 --- [restartedMain] org.hibernate.type.BasicTypeRegistry     : Adding type registration instant -> org.hibernate.type.BasicTypeReference@e29e807
2024-01-04T16:34:27.875+09:00 DEBUG 13632 --- [restartedMain] org.hibernate.type.BasicTypeRegistry     : Adding type registration java.time.Instant -> org.hibernate.type.BasicTypeReference@e29e807
2024-01-04T16:34:27.875+09:00 DEBUG 13632 --- [restartedMain] org.hibernate.type.BasicTypeRegistry     : Adding type registration uuid -> org.hibernate.type.BasicTypeReference@509b61d1
2024-01-04T16:34:27.875+09:00 DEBUG 13632 --- [restartedMain] org.hibernate.type.BasicTypeRegistry     : Adding type registration java.util.UUID -> org.hibernate.type.BasicTypeReference@509b61d1
2024-01-04T16:34:27.875+09:00 DEBUG 13632 --- [restartedMain] org.hibernate.type.BasicTypeRegistry     : Adding type registration pg-uuid -> org.hibernate.type.BasicTypeReference@509b61d1
2024-01-04T16:34:27.875+09:00 DEBUG 13632 --- [restartedMain] org.hibernate.type.BasicTypeRegistry     : Adding type registration uuid-binary -> org.hibernate.type.BasicTypeReference@48582611
2024-01-04T16:34:27.875+09:00 DEBUG 13632 --- [restartedMain] org.hibernate.type.BasicTypeRegistry     : Adding type registration uuid-char -> org.hibernate.type.BasicTypeReference@4591ead7
2024-01-04T16:34:27.876+09:00 DEBUG 13632 --- [restartedMain] org.hibernate.type.BasicTypeRegistry     : Adding type registration class -> org.hibernate.type.BasicTypeReference@4395bb2
2024-01-04T16:34:27.876+09:00 DEBUG 13632 --- [restartedMain] org.hibernate.type.BasicTypeRegistry     : Adding type registration java.lang.Class -> org.hibernate.type.BasicTypeReference@4395bb2
2024-01-04T16:34:27.876+09:00 DEBUG 13632 --- [restartedMain] org.hibernate.type.BasicTypeRegistry     : Adding type registration currency -> org.hibernate.type.BasicTypeReference@fa7370d
2024-01-04T16:34:27.876+09:00 DEBUG 13632 --- [restartedMain] org.hibernate.type.BasicTypeRegistry     : Adding type registration Currency -> org.hibernate.type.BasicTypeReference@fa7370d
2024-01-04T16:34:27.876+09:00 DEBUG 13632 --- [restartedMain] org.hibernate.type.BasicTypeRegistry     : Adding type registration java.util.Currency -> org.hibernate.type.BasicTypeReference@fa7370d
2024-01-04T16:34:27.876+09:00 DEBUG 13632 --- [restartedMain] org.hibernate.type.BasicTypeRegistry     : Adding type registration locale -> org.hibernate.type.BasicTypeReference@646e046
2024-01-04T16:34:27.877+09:00 DEBUG 13632 --- [restartedMain] org.hibernate.type.BasicTypeRegistry     : Adding type registration java.util.Locale -> org.hibernate.type.BasicTypeReference@646e046
2024-01-04T16:34:27.877+09:00 DEBUG 13632 --- [restartedMain] org.hibernate.type.BasicTypeRegistry     : Adding type registration serializable -> org.hibernate.type.BasicTypeReference@4c4b750b
2024-01-04T16:34:27.877+09:00 DEBUG 13632 --- [restartedMain] org.hibernate.type.BasicTypeRegistry     : Adding type registration java.io.Serializable -> org.hibernate.type.BasicTypeReference@4c4b750b
2024-01-04T16:34:27.877+09:00 DEBUG 13632 --- [restartedMain] org.hibernate.type.BasicTypeRegistry     : Adding type registration timezone -> org.hibernate.type.BasicTypeReference@2e143fb
2024-01-04T16:34:27.877+09:00 DEBUG 13632 --- [restartedMain] org.hibernate.type.BasicTypeRegistry     : Adding type registration java.util.TimeZone -> org.hibernate.type.BasicTypeReference@2e143fb
2024-01-04T16:34:27.877+09:00 DEBUG 13632 --- [restartedMain] org.hibernate.type.BasicTypeRegistry     : Adding type registration ZoneOffset -> org.hibernate.type.BasicTypeReference@344813f5
2024-01-04T16:34:27.877+09:00 DEBUG 13632 --- [restartedMain] org.hibernate.type.BasicTypeRegistry     : Adding type registration java.time.ZoneOffset -> org.hibernate.type.BasicTypeReference@344813f5
2024-01-04T16:34:27.877+09:00 DEBUG 13632 --- [restartedMain] org.hibernate.type.BasicTypeRegistry     : Adding type registration url -> org.hibernate.type.BasicTypeReference@53d81ea
2024-01-04T16:34:27.877+09:00 DEBUG 13632 --- [restartedMain] org.hibernate.type.BasicTypeRegistry     : Adding type registration java.net.URL -> org.hibernate.type.BasicTypeReference@53d81ea
2024-01-04T16:34:27.878+09:00 DEBUG 13632 --- [restartedMain] org.hibernate.type.BasicTypeRegistry     : Adding type registration row_version -> org.hibernate.type.BasicTypeReference@12494f6b
2024-01-04T16:34:27.882+09:00 DEBUG 13632 --- [restartedMain] org.hibernate.type.BasicTypeRegistry     : Adding type registration object -> org.hibernate.type.JavaObjectType@2d6c9713
2024-01-04T16:34:27.882+09:00 DEBUG 13632 --- [restartedMain] org.hibernate.type.BasicTypeRegistry     : Adding type registration java.lang.Object -> org.hibernate.type.JavaObjectType@2d6c9713
2024-01-04T16:34:27.883+09:00 DEBUG 13632 --- [restartedMain] org.hibernate.type.BasicTypeRegistry     : Adding type registration null -> org.hibernate.type.NullType@2a0987f4
2024-01-04T16:34:27.883+09:00 DEBUG 13632 --- [restartedMain] org.hibernate.type.BasicTypeRegistry     : Adding type registration imm_date -> org.hibernate.type.BasicTypeReference@2991a478
2024-01-04T16:34:27.883+09:00 DEBUG 13632 --- [restartedMain] org.hibernate.type.BasicTypeRegistry     : Adding type registration imm_time -> org.hibernate.type.BasicTypeReference@4bed8377
2024-01-04T16:34:27.883+09:00 DEBUG 13632 --- [restartedMain] org.hibernate.type.BasicTypeRegistry     : Adding type registration imm_timestamp -> org.hibernate.type.BasicTypeReference@2024dc8f
2024-01-04T16:34:27.883+09:00 DEBUG 13632 --- [restartedMain] org.hibernate.type.BasicTypeRegistry     : Adding type registration imm_calendar -> org.hibernate.type.BasicTypeReference@46f4d958
2024-01-04T16:34:27.883+09:00 DEBUG 13632 --- [restartedMain] org.hibernate.type.BasicTypeRegistry     : Adding type registration imm_calendar_date -> org.hibernate.type.BasicTypeReference@6262079a
2024-01-04T16:34:27.883+09:00 DEBUG 13632 --- [restartedMain] org.hibernate.type.BasicTypeRegistry     : Adding type registration imm_calendar_time -> org.hibernate.type.BasicTypeReference@4533c69a
2024-01-04T16:34:27.883+09:00 DEBUG 13632 --- [restartedMain] org.hibernate.type.BasicTypeRegistry     : Adding type registration imm_binary -> org.hibernate.type.BasicTypeReference@4375ba17
2024-01-04T16:34:27.884+09:00 DEBUG 13632 --- [restartedMain] org.hibernate.type.BasicTypeRegistry     : Adding type registration imm_serializable -> org.hibernate.type.BasicTypeReference@23ab9538
2024-01-04T16:34:28.013+09:00  INFO 13632 --- [restartedMain] o.s.o.j.p.SpringPersistenceUnitInfo      : No LoadTimeWeaver setup: ignoring JPA class transformer
2024-01-04T16:34:28.071+09:00 DEBUG 13632 --- [restartedMain] o.h.t.d.jdbc.spi.JdbcTypeRegistry        : addDescriptor(NCharTypeDescriptor) replaced previous registration(CharTypeDescriptor)
2024-01-04T16:34:28.072+09:00 DEBUG 13632 --- [restartedMain] o.h.t.d.jdbc.spi.JdbcTypeRegistry        : addDescriptor(NVarcharTypeDescriptor) replaced previous registration(VarcharTypeDescriptor)
2024-01-04T16:34:28.072+09:00 DEBUG 13632 --- [restartedMain] o.h.t.d.jdbc.spi.JdbcTypeRegistry        : addDescriptor(LongNVarcharTypeDescriptor) replaced previous registration(LongVarcharTypeDescriptor)
2024-01-04T16:34:28.074+09:00 DEBUG 13632 --- [restartedMain] o.h.t.d.jdbc.spi.JdbcTypeRegistry        : addDescriptor(NClobTypeDescriptor(DEFAULT)) replaced previous registration(ClobTypeDescriptor(DEFAULT))
2024-01-04T16:34:28.074+09:00 DEBUG 13632 --- [restartedMain] o.h.t.d.jdbc.spi.JdbcTypeRegistry        : addDescriptor(2005, ClobTypeDescriptor(STREAM_BINDING)) replaced previous registration(ClobTypeDescriptor(DEFAULT))
2024-01-04T16:34:28.075+09:00 DEBUG 13632 --- [restartedMain] o.h.t.d.jdbc.spi.JdbcTypeRegistry        : addDescriptor(TimestampUtcDescriptor) replaced previous registration(TimestampUtcDescriptor)
2024-01-04T16:34:28.079+09:00 DEBUG 13632 --- [restartedMain] org.hibernate.type.BasicTypeRegistry     : Adding type registration org.hibernate.type.DurationType -> basicType@1(java.time.Duration,2)
2024-01-04T16:34:28.079+09:00 DEBUG 13632 --- [restartedMain] org.hibernate.type.BasicTypeRegistry     : Adding type registration Duration -> basicType@1(java.time.Duration,2)
2024-01-04T16:34:28.079+09:00 DEBUG 13632 --- [restartedMain] org.hibernate.type.BasicTypeRegistry     : Adding type registration java.time.Duration -> basicType@1(java.time.Duration,2)
2024-01-04T16:34:28.081+09:00 DEBUG 13632 --- [restartedMain] o.h.type.spi.TypeConfiguration$Scope     : Scoping TypeConfiguration [org.hibernate.type.spi.TypeConfiguration@2b5e13e3] to MetadataBuildingContext [org.hibernate.boot.internal.MetadataBuildingContextRootImpl@1edb47ff]
2024-01-04T16:34:28.830+09:00  INFO 13632 --- [restartedMain] o.h.e.t.j.p.i.JtaPlatformInitiator       : HHH000489: No JTA platform available (set 'hibernate.transaction.jta.platform' to enable JTA platform integration)
2024-01-04T16:34:28.830+09:00 DEBUG 13632 --- [restartedMain] o.h.type.spi.TypeConfiguration$Scope     : Scoping TypeConfiguration [org.hibernate.type.spi.TypeConfiguration@2b5e13e3] to SessionFactoryImplementor [org.hibernate.internal.SessionFactoryImpl@38fcd4ca]
2024-01-04T16:34:28.889+09:00 TRACE 13632 --- [restartedMain] o.h.type.spi.TypeConfiguration$Scope     : Handling #sessionFactoryCreated from [org.hibernate.internal.SessionFactoryImpl@38fcd4ca] for TypeConfiguration
2024-01-04T16:34:28.890+09:00  INFO 13632 --- [restartedMain] j.LocalContainerEntityManagerFactoryBean : Initialized JPA EntityManagerFactory for persistence unit 'default'
2024-01-04T16:34:29.580+09:00  INFO 13632 --- [restartedMain] o.s.b.d.a.OptionalLiveReloadServer       : LiveReload server is running on port 35729
2024-01-04T16:34:29.604+09:00  INFO 13632 --- [restartedMain] o.s.b.w.embedded.tomcat.TomcatWebServer  : Tomcat started on port(s): 8080 (http) with context path ''
2024-01-04T16:34:33.068+09:00  INFO 13632 --- [http-nio-8080-exec-3] o.a.c.c.C.[Tomcat].[localhost].[/]       : Initializing Spring DispatcherServlet 'dispatcherServlet'
2024-01-04T16:34:33.068+09:00  INFO 13632 --- [http-nio-8080-exec-3] o.s.web.servlet.DispatcherServlet        : Initializing Servlet 'dispatcherServlet'
2024-01-04T16:34:33.069+09:00  INFO 13632 --- [http-nio-8080-exec-3] o.s.web.servlet.DispatcherServlet        : Completed initialization in 0 ms
